Analysis & Synthesis report for PROJETO_1
Mon Oct 22 19:47:51 2018
Quartus II 64-Bit Version 14.1.0 Build 186 12/03/2014 SJ Web Edition


---------------------
; Table of Contents ;
---------------------
  1. Legal Notice
  2. Analysis & Synthesis Summary
  3. Analysis & Synthesis Settings
  4. Parallel Compilation
  5. Analysis & Synthesis Source Files Read
  6. Analysis & Synthesis Resource Usage Summary
  7. Analysis & Synthesis Resource Utilization by Entity
  8. Analysis & Synthesis RAM Summary
  9. Analysis & Synthesis IP Cores Summary
 10. General Register Statistics
 11. Multiplexer Restructuring Statistics (Restructuring Performed)
 12. Source assignments for rom:inst1|altsyncram:altsyncram_component|altsyncram_c224:auto_generated
 13. Parameter Settings for User Entity Instance: uc:inst20|MUX:inst3
 14. Parameter Settings for User Entity Instance: uc:inst20|MUX:inst4
 15. Parameter Settings for User Entity Instance: uc:inst20|MUX:inst5
 16. Parameter Settings for User Entity Instance: uc:inst20|MUX:inst31
 17. Parameter Settings for User Entity Instance: uc:inst20|MUX:inst30
 18. Parameter Settings for User Entity Instance: uc:inst20|MUX:inst26
 19. Parameter Settings for User Entity Instance: uc:inst20|MUX:inst27
 20. Parameter Settings for User Entity Instance: uc:inst20|MUX:inst28
 21. Parameter Settings for User Entity Instance: uc:inst20|MUX:inst29
 22. Parameter Settings for User Entity Instance: rom:inst1|altsyncram:altsyncram_component
 23. Parameter Settings for User Entity Instance: debouncer:inst5
 24. Parameter Settings for User Entity Instance: debouncer:inst27
 25. Parameter Settings for User Entity Instance: ula:inst2|MUX:inst1
 26. Parameter Settings for User Entity Instance: ula:inst2|MUX:inst2
 27. Parameter Settings for User Entity Instance: ula:inst2|MUX:inst3
 28. Parameter Settings for User Entity Instance: ula:inst2|MUX:inst4
 29. altsyncram Parameter Settings by Entity Instance
 30. Post-Synthesis Netlist Statistics for Top Partition
 31. Elapsed Time Per Partition
 32. Analysis & Synthesis Messages



----------------
; Legal Notice ;
----------------
Copyright (C) 1991-2014 Altera Corporation. All rights reserved.
Your use of Altera Corporation's design tools, logic functions 
and other software and tools, and its AMPP partner logic 
functions, and any output files from any of the foregoing 
(including device programming or simulation files), and any 
associated documentation or information are expressly subject 
to the terms and conditions of the Altera Program License 
Subscription Agreement, the Altera Quartus II License Agreement,
the Altera MegaCore Function License Agreement, or other 
applicable license agreement, including, without limitation, 
that your use is for the sole purpose of programming logic 
devices manufactured by Altera and sold by Altera or its 
authorized distributors.  Please refer to the applicable 
agreement for further details.



+------------------------------------------------------------------------------+
; Analysis & Synthesis Summary                                                 ;
+---------------------------------+--------------------------------------------+
; Analysis & Synthesis Status     ; Successful - Mon Oct 22 19:47:51 2018      ;
; Quartus II 64-Bit Version       ; 14.1.0 Build 186 12/03/2014 SJ Web Edition ;
; Revision Name                   ; PROJETO_1                                  ;
; Top-level Entity Name           ; CPU                                        ;
; Family                          ; Cyclone V                                  ;
; Logic utilization (in ALMs)     ; N/A                                        ;
; Total registers                 ; 52                                         ;
; Total pins                      ; 54                                         ;
; Total virtual pins              ; 0                                          ;
; Total block memory bits         ; 4,096                                      ;
; Total DSP Blocks                ; 0                                          ;
; Total HSSI RX PCSs              ; 0                                          ;
; Total HSSI PMA RX Deserializers ; 0                                          ;
; Total HSSI TX PCSs              ; 0                                          ;
; Total HSSI PMA TX Serializers   ; 0                                          ;
; Total PLLs                      ; 0                                          ;
; Total DLLs                      ; 0                                          ;
+---------------------------------+--------------------------------------------+


+---------------------------------------------------------------------------------------------------------------------------+
; Analysis & Synthesis Settings                                                                                             ;
+---------------------------------------------------------------------------------+--------------------+--------------------+
; Option                                                                          ; Setting            ; Default Value      ;
+---------------------------------------------------------------------------------+--------------------+--------------------+
; Device                                                                          ; 5CEBA4F23C7        ;                    ;
; Top-level entity name                                                           ; CPU                ; PROJETO_1          ;
; Family name                                                                     ; Cyclone V          ; Cyclone IV GX      ;
; Use smart compilation                                                           ; Off                ; Off                ;
; Enable parallel Assembler and TimeQuest Timing Analyzer during compilation      ; On                 ; On                 ;
; Enable compact report table                                                     ; Off                ; Off                ;
; Restructure Multiplexers                                                        ; Auto               ; Auto               ;
; MLAB Add Timing Constraints For Mixed-Port Feed-Through Mode Setting Don't Care ; Off                ; Off                ;
; Create Debugging Nodes for IP Cores                                             ; Off                ; Off                ;
; Preserve fewer node names                                                       ; On                 ; On                 ;
; Disable OpenCore Plus hardware evaluation                                       ; Off                ; Off                ;
; Verilog Version                                                                 ; Verilog_2001       ; Verilog_2001       ;
; VHDL Version                                                                    ; VHDL_1993          ; VHDL_1993          ;
; State Machine Processing                                                        ; Auto               ; Auto               ;
; Safe State Machine                                                              ; Off                ; Off                ;
; Extract Verilog State Machines                                                  ; On                 ; On                 ;
; Extract VHDL State Machines                                                     ; On                 ; On                 ;
; Ignore Verilog initial constructs                                               ; Off                ; Off                ;
; Iteration limit for constant Verilog loops                                      ; 5000               ; 5000               ;
; Iteration limit for non-constant Verilog loops                                  ; 250                ; 250                ;
; Add Pass-Through Logic to Inferred RAMs                                         ; On                 ; On                 ;
; Infer RAMs from Raw Logic                                                       ; On                 ; On                 ;
; Parallel Synthesis                                                              ; On                 ; On                 ;
; DSP Block Balancing                                                             ; Auto               ; Auto               ;
; NOT Gate Push-Back                                                              ; On                 ; On                 ;
; Power-Up Don't Care                                                             ; On                 ; On                 ;
; Remove Redundant Logic Cells                                                    ; Off                ; Off                ;
; Remove Duplicate Registers                                                      ; On                 ; On                 ;
; Ignore CARRY Buffers                                                            ; Off                ; Off                ;
; Ignore CASCADE Buffers                                                          ; Off                ; Off                ;
; Ignore GLOBAL Buffers                                                           ; Off                ; Off                ;
; Ignore ROW GLOBAL Buffers                                                       ; Off                ; Off                ;
; Ignore LCELL Buffers                                                            ; Off                ; Off                ;
; Ignore SOFT Buffers                                                             ; On                 ; On                 ;
; Limit AHDL Integers to 32 Bits                                                  ; Off                ; Off                ;
; Optimization Technique                                                          ; Balanced           ; Balanced           ;
; Carry Chain Length                                                              ; 70                 ; 70                 ;
; Auto Carry Chains                                                               ; On                 ; On                 ;
; Auto Open-Drain Pins                                                            ; On                 ; On                 ;
; Perform WYSIWYG Primitive Resynthesis                                           ; Off                ; Off                ;
; Auto ROM Replacement                                                            ; On                 ; On                 ;
; Auto RAM Replacement                                                            ; On                 ; On                 ;
; Auto DSP Block Replacement                                                      ; On                 ; On                 ;
; Auto Shift Register Replacement                                                 ; Auto               ; Auto               ;
; Allow Shift Register Merging across Hierarchies                                 ; Auto               ; Auto               ;
; Auto Clock Enable Replacement                                                   ; On                 ; On                 ;
; Strict RAM Replacement                                                          ; Off                ; Off                ;
; Allow Synchronous Control Signals                                               ; On                 ; On                 ;
; Force Use of Synchronous Clear Signals                                          ; Off                ; Off                ;
; Auto Resource Sharing                                                           ; Off                ; Off                ;
; Allow Any RAM Size For Recognition                                              ; Off                ; Off                ;
; Allow Any ROM Size For Recognition                                              ; Off                ; Off                ;
; Allow Any Shift Register Size For Recognition                                   ; Off                ; Off                ;
; Use LogicLock Constraints during Resource Balancing                             ; On                 ; On                 ;
; Ignore translate_off and synthesis_off directives                               ; Off                ; Off                ;
; Timing-Driven Synthesis                                                         ; On                 ; On                 ;
; Report Parameter Settings                                                       ; On                 ; On                 ;
; Report Source Assignments                                                       ; On                 ; On                 ;
; Report Connectivity Checks                                                      ; On                 ; On                 ;
; Ignore Maximum Fan-Out Assignments                                              ; Off                ; Off                ;
; Synchronization Register Chain Length                                           ; 3                  ; 3                  ;
; PowerPlay Power Optimization During Synthesis                                   ; Normal compilation ; Normal compilation ;
; HDL message level                                                               ; Level2             ; Level2             ;
; Suppress Register Optimization Related Messages                                 ; Off                ; Off                ;
; Number of Removed Registers Reported in Synthesis Report                        ; 5000               ; 5000               ;
; Number of Swept Nodes Reported in Synthesis Report                              ; 5000               ; 5000               ;
; Number of Inverted Registers Reported in Synthesis Report                       ; 100                ; 100                ;
; Clock MUX Protection                                                            ; On                 ; On                 ;
; Auto Gated Clock Conversion                                                     ; Off                ; Off                ;
; Block Design Naming                                                             ; Auto               ; Auto               ;
; SDC constraint protection                                                       ; Off                ; Off                ;
; Synthesis Effort                                                                ; Auto               ; Auto               ;
; Shift Register Replacement - Allow Asynchronous Clear Signal                    ; On                 ; On                 ;
; Pre-Mapping Resynthesis Optimization                                            ; Off                ; Off                ;
; Analysis & Synthesis Message Level                                              ; Medium             ; Medium             ;
; Disable Register Merging Across Hierarchies                                     ; Auto               ; Auto               ;
; Resource Aware Inference For Block RAM                                          ; On                 ; On                 ;
; Synthesis Seed                                                                  ; 1                  ; 1                  ;
; Automatic Parallel Synthesis                                                    ; On                 ; On                 ;
; Partial Reconfiguration Bitstream ID                                            ; Off                ; Off                ;
+---------------------------------------------------------------------------------+--------------------+--------------------+


+------------------------------------------+
; Parallel Compilation                     ;
+----------------------------+-------------+
; Processors                 ; Number      ;
+----------------------------+-------------+
; Number detected on machine ; 8           ;
; Maximum allowed            ; 4           ;
;                            ;             ;
; Average used               ; 1.00        ;
; Maximum used               ; 1           ;
;                            ;             ;
; Usage by Processor         ; % Time Used ;
;     Processor 1            ; 100.0%      ;
;     Processors 2-8         ;   0.0%      ;
+----------------------------+-------------+


+--------------------------------------------------------------------------------------------------------------------------------------------------------------------------------+
; Analysis & Synthesis Source Files Read                                                                                                                                         ;
+----------------------------------+-----------------+------------------------------------------+----------------------------------------------------------------------+---------+
; File Name with User-Entered Path ; Used in Netlist ; File Type                                ; File Name with Absolute Path                                         ; Library ;
+----------------------------------+-----------------+------------------------------------------+----------------------------------------------------------------------+---------+
; ula.bdf                          ; yes             ; User Block Diagram/Schematic File        ; C:/Users/10851707/Desktop/Projeto 1 SD/ula.bdf                       ;         ;
; contador_jump.bdf                ; yes             ; User Block Diagram/Schematic File        ; C:/Users/10851707/Desktop/Projeto 1 SD/contador_jump.bdf             ;         ;
; register.bdf                     ; yes             ; User Block Diagram/Schematic File        ; C:/Users/10851707/Desktop/Projeto 1 SD/register.bdf                  ;         ;
; data.mif                         ; yes             ; User Memory Initialization File          ; C:/Users/10851707/Desktop/Projeto 1 SD/data.mif                      ;         ;
; rom.vhd                          ; yes             ; User Wizard-Generated File               ; C:/Users/10851707/Desktop/Projeto 1 SD/rom.vhd                       ;         ;
; uc.bdf                           ; yes             ; User Block Diagram/Schematic File        ; C:/Users/10851707/Desktop/Projeto 1 SD/uc.bdf                        ;         ;
; CPU.bdf                          ; yes             ; User Block Diagram/Schematic File        ; C:/Users/10851707/Desktop/Projeto 1 SD/CPU.bdf                       ;         ;
; ESCOLHE_REG.bdf                  ; yes             ; User Block Diagram/Schematic File        ; C:/Users/10851707/Desktop/Projeto 1 SD/ESCOLHE_REG.bdf               ;         ;
; mux.tdf                          ; yes             ; Megafunction                             ; c:/altera/14.1/quartus/libraries/megafunctions/mux.tdf               ;         ;
; lpm_mux.inc                      ; yes             ; Megafunction                             ; c:/altera/14.1/quartus/libraries/megafunctions/lpm_mux.inc           ;         ;
; lpm_mux.tdf                      ; yes             ; Megafunction                             ; c:/altera/14.1/quartus/libraries/megafunctions/lpm_mux.tdf           ;         ;
; aglobal141.inc                   ; yes             ; Megafunction                             ; c:/altera/14.1/quartus/libraries/megafunctions/aglobal141.inc        ;         ;
; muxlut.inc                       ; yes             ; Megafunction                             ; c:/altera/14.1/quartus/libraries/megafunctions/muxlut.inc            ;         ;
; bypassff.inc                     ; yes             ; Megafunction                             ; c:/altera/14.1/quartus/libraries/megafunctions/bypassff.inc          ;         ;
; altshift.inc                     ; yes             ; Megafunction                             ; c:/altera/14.1/quartus/libraries/megafunctions/altshift.inc          ;         ;
; db/mux_sjc.tdf                   ; yes             ; Auto-Generated Megafunction              ; C:/Users/10851707/Desktop/Projeto 1 SD/db/mux_sjc.tdf                ;         ;
; db/mux_pjc.tdf                   ; yes             ; Auto-Generated Megafunction              ; C:/Users/10851707/Desktop/Projeto 1 SD/db/mux_pjc.tdf                ;         ;
; altsyncram.tdf                   ; yes             ; Megafunction                             ; c:/altera/14.1/quartus/libraries/megafunctions/altsyncram.tdf        ;         ;
; stratix_ram_block.inc            ; yes             ; Megafunction                             ; c:/altera/14.1/quartus/libraries/megafunctions/stratix_ram_block.inc ;         ;
; lpm_decode.inc                   ; yes             ; Megafunction                             ; c:/altera/14.1/quartus/libraries/megafunctions/lpm_decode.inc        ;         ;
; a_rdenreg.inc                    ; yes             ; Megafunction                             ; c:/altera/14.1/quartus/libraries/megafunctions/a_rdenreg.inc         ;         ;
; altrom.inc                       ; yes             ; Megafunction                             ; c:/altera/14.1/quartus/libraries/megafunctions/altrom.inc            ;         ;
; altram.inc                       ; yes             ; Megafunction                             ; c:/altera/14.1/quartus/libraries/megafunctions/altram.inc            ;         ;
; altdpram.inc                     ; yes             ; Megafunction                             ; c:/altera/14.1/quartus/libraries/megafunctions/altdpram.inc          ;         ;
; db/altsyncram_c224.tdf           ; yes             ; Auto-Generated Megafunction              ; C:/Users/10851707/Desktop/Projeto 1 SD/db/altsyncram_c224.tdf        ;         ;
; debouncer.v                      ; yes             ; Auto-Found Verilog HDL File              ; C:/Users/10851707/Desktop/Projeto 1 SD/debouncer.v                   ;         ;
; shift_r.bdf                      ; yes             ; Auto-Found Block Diagram/Schematic File  ; C:/Users/10851707/Desktop/Projeto 1 SD/shift_r.bdf                   ;         ;
; sub.bdf                          ; yes             ; Auto-Found Block Diagram/Schematic File  ; C:/Users/10851707/Desktop/Projeto 1 SD/sub.bdf                       ;         ;
; fullsubtractor.bdf               ; yes             ; Auto-Found Block Diagram/Schematic File  ; C:/Users/10851707/Desktop/Projeto 1 SD/fullsubtractor.bdf            ;         ;
; shift_l.bdf                      ; yes             ; Auto-Found Block Diagram/Schematic File  ; C:/Users/10851707/Desktop/Projeto 1 SD/shift_l.bdf                   ;         ;
; adder_c2.bdf                     ; yes             ; Auto-Found Block Diagram/Schematic File  ; C:/Users/10851707/Desktop/Projeto 1 SD/adder_c2.bdf                  ;         ;
; ha.bdf                           ; yes             ; Auto-Found Block Diagram/Schematic File  ; C:/Users/10851707/Desktop/Projeto 1 SD/ha.bdf                        ;         ;
; fa.bdf                           ; yes             ; Auto-Found Block Diagram/Schematic File  ; C:/Users/10851707/Desktop/Projeto 1 SD/fa.bdf                        ;         ;
; hexadecimal.bdf                  ; yes             ; Auto-Found Block Diagram/Schematic File  ; C:/Users/10851707/Desktop/Projeto 1 SD/hexadecimal.bdf               ;         ;
+----------------------------------+-----------------+------------------------------------------+----------------------------------------------------------------------+---------+


+-----------------------------------------------------------+
; Analysis & Synthesis Resource Usage Summary               ;
+---------------------------------------------+-------------+
; Resource                                    ; Usage       ;
+---------------------------------------------+-------------+
; Estimate of Logic utilization (ALMs needed) ; 80          ;
;                                             ;             ;
; Combinational ALUT usage for logic          ; 148         ;
;     -- 7 input functions                    ; 0           ;
;     -- 6 input functions                    ; 12          ;
;     -- 5 input functions                    ; 2           ;
;     -- 4 input functions                    ; 67          ;
;     -- <=3 input functions                  ; 67          ;
;                                             ;             ;
; Dedicated logic registers                   ; 52          ;
;                                             ;             ;
; I/O pins                                    ; 54          ;
; Total MLAB memory bits                      ; 0           ;
; Total block memory bits                     ; 4096        ;
;                                             ;             ;
; Total DSP Blocks                            ; 0           ;
;                                             ;             ;
; Maximum fan-out node                        ; reset~input ;
; Maximum fan-out                             ; 42          ;
; Total fan-out                               ; 960         ;
; Average fan-out                             ; 2.96        ;
+---------------------------------------------+-------------+


+------------------------------------------------------------------------------------------------------------------------------------------------------------------------------------------------------------------------------------+
; Analysis & Synthesis Resource Utilization by Entity                                                                                                                                                                                ;
+-------------------------------------------+-------------------+--------------+-------------------+------------+------+--------------+-------------------------------------------------------------------------------+--------------+
; Compilation Hierarchy Node                ; LC Combinationals ; LC Registers ; Block Memory Bits ; DSP Blocks ; Pins ; Virtual Pins ; Full Hierarchy Name                                                           ; Library Name ;
+-------------------------------------------+-------------------+--------------+-------------------+------------+------+--------------+-------------------------------------------------------------------------------+--------------+
; |CPU                                      ; 148 (5)           ; 52 (0)       ; 4096              ; 0          ; 54   ; 0            ; |CPU                                                                          ; work         ;
;    |contador_jump:inst|                   ; 29 (29)           ; 8 (8)        ; 0                 ; 0          ; 0    ; 0            ; |CPU|contador_jump:inst                                                       ; work         ;
;    |debouncer:inst27|                     ; 26 (26)           ; 18 (18)      ; 0                 ; 0          ; 0    ; 0            ; |CPU|debouncer:inst27                                                         ; work         ;
;    |debouncer:inst5|                      ; 26 (26)           ; 18 (18)      ; 0                 ; 0          ; 0    ; 0            ; |CPU|debouncer:inst5                                                          ; work         ;
;    |hexadecimal:inst10|                   ; 7 (7)             ; 0 (0)        ; 0                 ; 0          ; 0    ; 0            ; |CPU|hexadecimal:inst10                                                       ; work         ;
;    |hexadecimal:inst11|                   ; 7 (7)             ; 0 (0)        ; 0                 ; 0          ; 0    ; 0            ; |CPU|hexadecimal:inst11                                                       ; work         ;
;    |hexadecimal:inst12|                   ; 7 (7)             ; 0 (0)        ; 0                 ; 0          ; 0    ; 0            ; |CPU|hexadecimal:inst12                                                       ; work         ;
;    |hexadecimal:inst13|                   ; 7 (7)             ; 0 (0)        ; 0                 ; 0          ; 0    ; 0            ; |CPU|hexadecimal:inst13                                                       ; work         ;
;    |hexadecimal:inst30|                   ; 7 (7)             ; 0 (0)        ; 0                 ; 0          ; 0    ; 0            ; |CPU|hexadecimal:inst30                                                       ; work         ;
;    |hexadecimal:inst31|                   ; 7 (7)             ; 0 (0)        ; 0                 ; 0          ; 0    ; 0            ; |CPU|hexadecimal:inst31                                                       ; work         ;
;    |register:inst3|                       ; 0 (0)             ; 4 (4)        ; 0                 ; 0          ; 0    ; 0            ; |CPU|register:inst3                                                           ; work         ;
;    |register:inst4|                       ; 0 (0)             ; 4 (4)        ; 0                 ; 0          ; 0    ; 0            ; |CPU|register:inst4                                                           ; work         ;
;    |rom:inst1|                            ; 0 (0)             ; 0 (0)        ; 4096              ; 0          ; 0    ; 0            ; |CPU|rom:inst1                                                                ; work         ;
;       |altsyncram:altsyncram_component|   ; 0 (0)             ; 0 (0)        ; 4096              ; 0          ; 0    ; 0            ; |CPU|rom:inst1|altsyncram:altsyncram_component                                ; work         ;
;          |altsyncram_c224:auto_generated| ; 0 (0)             ; 0 (0)        ; 4096              ; 0          ; 0    ; 0            ; |CPU|rom:inst1|altsyncram:altsyncram_component|altsyncram_c224:auto_generated ; work         ;
;    |uc:inst20|                            ; 11 (8)            ; 0 (0)        ; 0                 ; 0          ; 0    ; 0            ; |CPU|uc:inst20                                                                ; work         ;
;       |mux:inst26|                        ; 1 (0)             ; 0 (0)        ; 0                 ; 0          ; 0    ; 0            ; |CPU|uc:inst20|mux:inst26                                                     ; work         ;
;          |lpm_mux:$00001|                 ; 1 (0)             ; 0 (0)        ; 0                 ; 0          ; 0    ; 0            ; |CPU|uc:inst20|mux:inst26|lpm_mux:$00001                                      ; work         ;
;             |mux_pjc:auto_generated|      ; 1 (1)             ; 0 (0)        ; 0                 ; 0          ; 0    ; 0            ; |CPU|uc:inst20|mux:inst26|lpm_mux:$00001|mux_pjc:auto_generated               ; work         ;
;       |mux:inst27|                        ; 1 (0)             ; 0 (0)        ; 0                 ; 0          ; 0    ; 0            ; |CPU|uc:inst20|mux:inst27                                                     ; work         ;
;          |lpm_mux:$00001|                 ; 1 (0)             ; 0 (0)        ; 0                 ; 0          ; 0    ; 0            ; |CPU|uc:inst20|mux:inst27|lpm_mux:$00001                                      ; work         ;
;             |mux_pjc:auto_generated|      ; 1 (1)             ; 0 (0)        ; 0                 ; 0          ; 0    ; 0            ; |CPU|uc:inst20|mux:inst27|lpm_mux:$00001|mux_pjc:auto_generated               ; work         ;
;       |mux:inst28|                        ; 1 (0)             ; 0 (0)        ; 0                 ; 0          ; 0    ; 0            ; |CPU|uc:inst20|mux:inst28                                                     ; work         ;
;          |lpm_mux:$00001|                 ; 1 (0)             ; 0 (0)        ; 0                 ; 0          ; 0    ; 0            ; |CPU|uc:inst20|mux:inst28|lpm_mux:$00001                                      ; work         ;
;             |mux_pjc:auto_generated|      ; 1 (1)             ; 0 (0)        ; 0                 ; 0          ; 0    ; 0            ; |CPU|uc:inst20|mux:inst28|lpm_mux:$00001|mux_pjc:auto_generated               ; work         ;
;    |ula:inst2|                            ; 9 (0)             ; 0 (0)        ; 0                 ; 0          ; 0    ; 0            ; |CPU|ula:inst2                                                                ; work         ;
;       |adder_c2:inst9|                    ; 3 (0)             ; 0 (0)        ; 0                 ; 0          ; 0    ; 0            ; |CPU|ula:inst2|adder_c2:inst9                                                 ; work         ;
;          |fa:inst3|                       ; 1 (1)             ; 0 (0)        ; 0                 ; 0          ; 0    ; 0            ; |CPU|ula:inst2|adder_c2:inst9|fa:inst3                                        ; work         ;
;          |fa:inst4|                       ; 1 (1)             ; 0 (0)        ; 0                 ; 0          ; 0    ; 0            ; |CPU|ula:inst2|adder_c2:inst9|fa:inst4                                        ; work         ;
;          |fa:inst5|                       ; 1 (1)             ; 0 (0)        ; 0                 ; 0          ; 0    ; 0            ; |CPU|ula:inst2|adder_c2:inst9|fa:inst5                                        ; work         ;
;       |sub:inst17|                        ; 6 (0)             ; 0 (0)        ; 0                 ; 0          ; 0    ; 0            ; |CPU|ula:inst2|sub:inst17                                                     ; work         ;
;          |FULLSUBTRACTOR:inst1|           ; 2 (2)             ; 0 (0)        ; 0                 ; 0          ; 0    ; 0            ; |CPU|ula:inst2|sub:inst17|FULLSUBTRACTOR:inst1                                ; work         ;
;          |FULLSUBTRACTOR:inst2|           ; 2 (2)             ; 0 (0)        ; 0                 ; 0          ; 0    ; 0            ; |CPU|ula:inst2|sub:inst17|FULLSUBTRACTOR:inst2                                ; work         ;
;          |FULLSUBTRACTOR:inst3|           ; 2 (2)             ; 0 (0)        ; 0                 ; 0          ; 0    ; 0            ; |CPU|ula:inst2|sub:inst17|FULLSUBTRACTOR:inst3                                ; work         ;
+-------------------------------------------+-------------------+--------------+-------------------+------------+------+--------------+-------------------------------------------------------------------------------+--------------+
Note: For table entries with two numbers listed, the numbers in parentheses indicate the number of resources of the given type used by the specific entity alone. The numbers listed outside of parentheses indicate the total resources of the given type used by the specific entity and all of its sub-entities in the hierarchy.


+------------------------------------------------------------------------------------------------------------------------------------------------------------------------------------+
; Analysis & Synthesis RAM Summary                                                                                                                                                   ;
+-------------------------------------------------------------------------------------+------+------+--------------+--------------+--------------+--------------+------+-------------+
; Name                                                                                ; Type ; Mode ; Port A Depth ; Port A Width ; Port B Depth ; Port B Width ; Size ; MIF         ;
+-------------------------------------------------------------------------------------+------+------+--------------+--------------+--------------+--------------+------+-------------+
; rom:inst1|altsyncram:altsyncram_component|altsyncram_c224:auto_generated|ALTSYNCRAM ; AUTO ; ROM  ; 256          ; 16           ; --           ; --           ; 4096 ; ../data.mif ;
+-------------------------------------------------------------------------------------+------+------+--------------+--------------+--------------+--------------+------+-------------+


+---------------------------------------------------------------------------------------------------+
; Analysis & Synthesis IP Cores Summary                                                             ;
+--------+--------------+---------+--------------+--------------+-----------------+-----------------+
; Vendor ; IP Core Name ; Version ; Release Date ; License Type ; Entity Instance ; IP Include File ;
+--------+--------------+---------+--------------+--------------+-----------------+-----------------+
; Altera ; ROM: 1-PORT  ; 14.1    ; N/A          ; N/A          ; |CPU|rom:inst1  ; rom.vhd         ;
+--------+--------------+---------+--------------+--------------+-----------------+-----------------+


+------------------------------------------------------+
; General Register Statistics                          ;
+----------------------------------------------+-------+
; Statistic                                    ; Value ;
+----------------------------------------------+-------+
; Total registers                              ; 52    ;
; Number of registers using Synchronous Clear  ; 32    ;
; Number of registers using Synchronous Load   ; 0     ;
; Number of registers using Asynchronous Clear ; 52    ;
; Number of registers using Asynchronous Load  ; 0     ;
; Number of registers using Clock Enable       ; 32    ;
; Number of registers using Preset             ; 0     ;
+----------------------------------------------+-------+


+------------------------------------------------------------------------------------------------------------------------------------------------+
; Multiplexer Restructuring Statistics (Restructuring Performed)                                                                                 ;
+--------------------+-----------+---------------+----------------------+------------------------+------------+----------------------------------+
; Multiplexer Inputs ; Bus Width ; Baseline Area ; Area if Restructured ; Saving if Restructured ; Registered ; Example Multiplexer Output       ;
+--------------------+-----------+---------------+----------------------+------------------------+------------+----------------------------------+
; 3:1                ; 16 bits   ; 32 LEs        ; 0 LEs                ; 32 LEs                 ; Yes        ; |CPU|debouncer:inst5|counter[2]  ;
; 3:1                ; 16 bits   ; 32 LEs        ; 0 LEs                ; 32 LEs                 ; Yes        ; |CPU|debouncer:inst27|counter[0] ;
; 4:1                ; 2 bits    ; 4 LEs         ; 4 LEs                ; 0 LEs                  ; No         ; No name available in netlist     ;
+--------------------+-----------+---------------+----------------------+------------------------+------------+----------------------------------+


+-------------------------------------------------------------------------------------------------+
; Source assignments for rom:inst1|altsyncram:altsyncram_component|altsyncram_c224:auto_generated ;
+---------------------------------+--------------------+------+-----------------------------------+
; Assignment                      ; Value              ; From ; To                                ;
+---------------------------------+--------------------+------+-----------------------------------+
; OPTIMIZE_POWER_DURING_SYNTHESIS ; NORMAL_COMPILATION ; -    ; -                                 ;
+---------------------------------+--------------------+------+-----------------------------------+


+------------------------------------------------------------------+
; Parameter Settings for User Entity Instance: uc:inst20|MUX:inst3 ;
+----------------+-------+-----------------------------------------+
; Parameter Name ; Value ; Type                                    ;
+----------------+-------+-----------------------------------------+
; WIDTH          ; 4     ; Untyped                                 ;
; WIDTHS         ; 2     ; Untyped                                 ;
+----------------+-------+-----------------------------------------+
Note: In order to hide this table in the UI and the text report file, please set the "Show Parameter Settings in Synthesis Report" option in "Analysis and Synthesis Settings -> More Settings" to "Off".


+------------------------------------------------------------------+
; Parameter Settings for User Entity Instance: uc:inst20|MUX:inst4 ;
+----------------+-------+-----------------------------------------+
; Parameter Name ; Value ; Type                                    ;
+----------------+-------+-----------------------------------------+
; WIDTH          ; 4     ; Untyped                                 ;
; WIDTHS         ; 2     ; Untyped                                 ;
+----------------+-------+-----------------------------------------+
Note: In order to hide this table in the UI and the text report file, please set the "Show Parameter Settings in Synthesis Report" option in "Analysis and Synthesis Settings -> More Settings" to "Off".


+------------------------------------------------------------------+
; Parameter Settings for User Entity Instance: uc:inst20|MUX:inst5 ;
+----------------+-------+-----------------------------------------+
; Parameter Name ; Value ; Type                                    ;
+----------------+-------+-----------------------------------------+
; WIDTH          ; 4     ; Untyped                                 ;
; WIDTHS         ; 2     ; Untyped                                 ;
+----------------+-------+-----------------------------------------+
Note: In order to hide this table in the UI and the text report file, please set the "Show Parameter Settings in Synthesis Report" option in "Analysis and Synthesis Settings -> More Settings" to "Off".


+-------------------------------------------------------------------+
; Parameter Settings for User Entity Instance: uc:inst20|MUX:inst31 ;
+----------------+-------+------------------------------------------+
; Parameter Name ; Value ; Type                                     ;
+----------------+-------+------------------------------------------+
; WIDTH          ; 2     ; Untyped                                  ;
; WIDTHS         ; 1     ; Untyped                                  ;
+----------------+-------+------------------------------------------+
Note: In order to hide this table in the UI and the text report file, please set the "Show Parameter Settings in Synthesis Report" option in "Analysis and Synthesis Settings -> More Settings" to "Off".


+-------------------------------------------------------------------+
; Parameter Settings for User Entity Instance: uc:inst20|MUX:inst30 ;
+----------------+-------+------------------------------------------+
; Parameter Name ; Value ; Type                                     ;
+----------------+-------+------------------------------------------+
; WIDTH          ; 2     ; Untyped                                  ;
; WIDTHS         ; 1     ; Untyped                                  ;
+----------------+-------+------------------------------------------+
Note: In order to hide this table in the UI and the text report file, please set the "Show Parameter Settings in Synthesis Report" option in "Analysis and Synthesis Settings -> More Settings" to "Off".


+-------------------------------------------------------------------+
; Parameter Settings for User Entity Instance: uc:inst20|MUX:inst26 ;
+----------------+-------+------------------------------------------+
; Parameter Name ; Value ; Type                                     ;
+----------------+-------+------------------------------------------+
; WIDTH          ; 2     ; Untyped                                  ;
; WIDTHS         ; 1     ; Untyped                                  ;
+----------------+-------+------------------------------------------+
Note: In order to hide this table in the UI and the text report file, please set the "Show Parameter Settings in Synthesis Report" option in "Analysis and Synthesis Settings -> More Settings" to "Off".


+-------------------------------------------------------------------+
; Parameter Settings for User Entity Instance: uc:inst20|MUX:inst27 ;
+----------------+-------+------------------------------------------+
; Parameter Name ; Value ; Type                                     ;
+----------------+-------+------------------------------------------+
; WIDTH          ; 2     ; Untyped                                  ;
; WIDTHS         ; 1     ; Untyped                                  ;
+----------------+-------+------------------------------------------+
Note: In order to hide this table in the UI and the text report file, please set the "Show Parameter Settings in Synthesis Report" option in "Analysis and Synthesis Settings -> More Settings" to "Off".


+-------------------------------------------------------------------+
; Parameter Settings for User Entity Instance: uc:inst20|MUX:inst28 ;
+----------------+-------+------------------------------------------+
; Parameter Name ; Value ; Type                                     ;
+----------------+-------+------------------------------------------+
; WIDTH          ; 2     ; Untyped                                  ;
; WIDTHS         ; 1     ; Untyped                                  ;
+----------------+-------+------------------------------------------+
Note: In order to hide this table in the UI and the text report file, please set the "Show Parameter Settings in Synthesis Report" option in "Analysis and Synthesis Settings -> More Settings" to "Off".


+-------------------------------------------------------------------+
; Parameter Settings for User Entity Instance: uc:inst20|MUX:inst29 ;
+----------------+-------+------------------------------------------+
; Parameter Name ; Value ; Type                                     ;
+----------------+-------+------------------------------------------+
; WIDTH          ; 2     ; Untyped                                  ;
; WIDTHS         ; 1     ; Untyped                                  ;
+----------------+-------+------------------------------------------+
Note: In order to hide this table in the UI and the text report file, please set the "Show Parameter Settings in Synthesis Report" option in "Analysis and Synthesis Settings -> More Settings" to "Off".


+----------------------------------------------------------------------------------------+
; Parameter Settings for User Entity Instance: rom:inst1|altsyncram:altsyncram_component ;
+------------------------------------+----------------------+----------------------------+
; Parameter Name                     ; Value                ; Type                       ;
+------------------------------------+----------------------+----------------------------+
; BYTE_SIZE_BLOCK                    ; 8                    ; Untyped                    ;
; AUTO_CARRY_CHAINS                  ; ON                   ; AUTO_CARRY                 ;
; IGNORE_CARRY_BUFFERS               ; OFF                  ; IGNORE_CARRY               ;
; AUTO_CASCADE_CHAINS                ; ON                   ; AUTO_CASCADE               ;
; IGNORE_CASCADE_BUFFERS             ; OFF                  ; IGNORE_CASCADE             ;
; WIDTH_BYTEENA                      ; 1                    ; Untyped                    ;
; OPERATION_MODE                     ; ROM                  ; Untyped                    ;
; WIDTH_A                            ; 16                   ; Signed Integer             ;
; WIDTHAD_A                          ; 8                    ; Signed Integer             ;
; NUMWORDS_A                         ; 256                  ; Signed Integer             ;
; OUTDATA_REG_A                      ; UNREGISTERED         ; Untyped                    ;
; ADDRESS_ACLR_A                     ; NONE                 ; Untyped                    ;
; OUTDATA_ACLR_A                     ; NONE                 ; Untyped                    ;
; WRCONTROL_ACLR_A                   ; NONE                 ; Untyped                    ;
; INDATA_ACLR_A                      ; NONE                 ; Untyped                    ;
; BYTEENA_ACLR_A                     ; NONE                 ; Untyped                    ;
; WIDTH_B                            ; 1                    ; Signed Integer             ;
; WIDTHAD_B                          ; 1                    ; Signed Integer             ;
; NUMWORDS_B                         ; 0                    ; Signed Integer             ;
; INDATA_REG_B                       ; CLOCK1               ; Untyped                    ;
; WRCONTROL_WRADDRESS_REG_B          ; CLOCK1               ; Untyped                    ;
; RDCONTROL_REG_B                    ; CLOCK1               ; Untyped                    ;
; ADDRESS_REG_B                      ; CLOCK1               ; Untyped                    ;
; OUTDATA_REG_B                      ; UNREGISTERED         ; Untyped                    ;
; BYTEENA_REG_B                      ; CLOCK1               ; Untyped                    ;
; INDATA_ACLR_B                      ; NONE                 ; Untyped                    ;
; WRCONTROL_ACLR_B                   ; NONE                 ; Untyped                    ;
; ADDRESS_ACLR_B                     ; NONE                 ; Untyped                    ;
; OUTDATA_ACLR_B                     ; NONE                 ; Untyped                    ;
; RDCONTROL_ACLR_B                   ; NONE                 ; Untyped                    ;
; BYTEENA_ACLR_B                     ; NONE                 ; Untyped                    ;
; WIDTH_BYTEENA_A                    ; 1                    ; Signed Integer             ;
; WIDTH_BYTEENA_B                    ; 1                    ; Signed Integer             ;
; RAM_BLOCK_TYPE                     ; AUTO                 ; Untyped                    ;
; BYTE_SIZE                          ; 8                    ; Signed Integer             ;
; READ_DURING_WRITE_MODE_MIXED_PORTS ; DONT_CARE            ; Untyped                    ;
; READ_DURING_WRITE_MODE_PORT_A      ; NEW_DATA_NO_NBE_READ ; Untyped                    ;
; READ_DURING_WRITE_MODE_PORT_B      ; NEW_DATA_NO_NBE_READ ; Untyped                    ;
; INIT_FILE                          ; ../data.mif          ; Untyped                    ;
; INIT_FILE_LAYOUT                   ; PORT_A               ; Untyped                    ;
; MAXIMUM_DEPTH                      ; 0                    ; Signed Integer             ;
; CLOCK_ENABLE_INPUT_A               ; BYPASS               ; Untyped                    ;
; CLOCK_ENABLE_INPUT_B               ; NORMAL               ; Untyped                    ;
; CLOCK_ENABLE_OUTPUT_A              ; BYPASS               ; Untyped                    ;
; CLOCK_ENABLE_OUTPUT_B              ; NORMAL               ; Untyped                    ;
; CLOCK_ENABLE_CORE_A                ; USE_INPUT_CLKEN      ; Untyped                    ;
; CLOCK_ENABLE_CORE_B                ; USE_INPUT_CLKEN      ; Untyped                    ;
; ENABLE_ECC                         ; FALSE                ; Untyped                    ;
; ECC_PIPELINE_STAGE_ENABLED         ; FALSE                ; Untyped                    ;
; WIDTH_ECCSTATUS                    ; 3                    ; Signed Integer             ;
; DEVICE_FAMILY                      ; Cyclone V            ; Untyped                    ;
; CBXI_PARAMETER                     ; altsyncram_c224      ; Untyped                    ;
+------------------------------------+----------------------+----------------------------+
Note: In order to hide this table in the UI and the text report file, please set the "Show Parameter Settings in Synthesis Report" option in "Analysis and Synthesis Settings -> More Settings" to "Off".


+--------------------------------------------------------------+
; Parameter Settings for User Entity Instance: debouncer:inst5 ;
+----------------+-------+-------------------------------------+
; Parameter Name ; Value ; Type                                ;
+----------------+-------+-------------------------------------+
; DELAY_BITS     ; 16    ; Signed Integer                      ;
+----------------+-------+-------------------------------------+
Note: In order to hide this table in the UI and the text report file, please set the "Show Parameter Settings in Synthesis Report" option in "Analysis and Synthesis Settings -> More Settings" to "Off".


+---------------------------------------------------------------+
; Parameter Settings for User Entity Instance: debouncer:inst27 ;
+----------------+-------+--------------------------------------+
; Parameter Name ; Value ; Type                                 ;
+----------------+-------+--------------------------------------+
; DELAY_BITS     ; 16    ; Signed Integer                       ;
+----------------+-------+--------------------------------------+
Note: In order to hide this table in the UI and the text report file, please set the "Show Parameter Settings in Synthesis Report" option in "Analysis and Synthesis Settings -> More Settings" to "Off".


+------------------------------------------------------------------+
; Parameter Settings for User Entity Instance: ula:inst2|MUX:inst1 ;
+----------------+-------+-----------------------------------------+
; Parameter Name ; Value ; Type                                    ;
+----------------+-------+-----------------------------------------+
; WIDTH          ; 4     ; Untyped                                 ;
; WIDTHS         ; 2     ; Untyped                                 ;
+----------------+-------+-----------------------------------------+
Note: In order to hide this table in the UI and the text report file, please set the "Show Parameter Settings in Synthesis Report" option in "Analysis and Synthesis Settings -> More Settings" to "Off".


+------------------------------------------------------------------+
; Parameter Settings for User Entity Instance: ula:inst2|MUX:inst2 ;
+----------------+-------+-----------------------------------------+
; Parameter Name ; Value ; Type                                    ;
+----------------+-------+-----------------------------------------+
; WIDTH          ; 4     ; Untyped                                 ;
; WIDTHS         ; 2     ; Untyped                                 ;
+----------------+-------+-----------------------------------------+
Note: In order to hide this table in the UI and the text report file, please set the "Show Parameter Settings in Synthesis Report" option in "Analysis and Synthesis Settings -> More Settings" to "Off".


+------------------------------------------------------------------+
; Parameter Settings for User Entity Instance: ula:inst2|MUX:inst3 ;
+----------------+-------+-----------------------------------------+
; Parameter Name ; Value ; Type                                    ;
+----------------+-------+-----------------------------------------+
; WIDTH          ; 4     ; Untyped                                 ;
; WIDTHS         ; 2     ; Untyped                                 ;
+----------------+-------+-----------------------------------------+
Note: In order to hide this table in the UI and the text report file, please set the "Show Parameter Settings in Synthesis Report" option in "Analysis and Synthesis Settings -> More Settings" to "Off".


+------------------------------------------------------------------+
; Parameter Settings for User Entity Instance: ula:inst2|MUX:inst4 ;
+----------------+-------+-----------------------------------------+
; Parameter Name ; Value ; Type                                    ;
+----------------+-------+-----------------------------------------+
; WIDTH          ; 4     ; Untyped                                 ;
; WIDTHS         ; 2     ; Untyped                                 ;
+----------------+-------+-----------------------------------------+
Note: In order to hide this table in the UI and the text report file, please set the "Show Parameter Settings in Synthesis Report" option in "Analysis and Synthesis Settings -> More Settings" to "Off".


+---------------------------------------------------------------------------------------+
; altsyncram Parameter Settings by Entity Instance                                      ;
+-------------------------------------------+-------------------------------------------+
; Name                                      ; Value                                     ;
+-------------------------------------------+-------------------------------------------+
; Number of entity instances                ; 1                                         ;
; Entity Instance                           ; rom:inst1|altsyncram:altsyncram_component ;
;     -- OPERATION_MODE                     ; ROM                                       ;
;     -- WIDTH_A                            ; 16                                        ;
;     -- NUMWORDS_A                         ; 256                                       ;
;     -- OUTDATA_REG_A                      ; UNREGISTERED                              ;
;     -- WIDTH_B                            ; 1                                         ;
;     -- NUMWORDS_B                         ; 0                                         ;
;     -- ADDRESS_REG_B                      ; CLOCK1                                    ;
;     -- OUTDATA_REG_B                      ; UNREGISTERED                              ;
;     -- RAM_BLOCK_TYPE                     ; AUTO                                      ;
;     -- READ_DURING_WRITE_MODE_MIXED_PORTS ; DONT_CARE                                 ;
+-------------------------------------------+-------------------------------------------+


+-----------------------------------------------------+
; Post-Synthesis Netlist Statistics for Top Partition ;
+-----------------------+-----------------------------+
; Type                  ; Count                       ;
+-----------------------+-----------------------------+
; arriav_ff             ; 52                          ;
;     CLR               ; 20                          ;
;     ENA CLR SCLR      ; 32                          ;
; arriav_lcell_comb     ; 148                         ;
;     arith             ; 32                          ;
;         1 data inputs ; 32                          ;
;     normal            ; 116                         ;
;         1 data inputs ; 4                           ;
;         2 data inputs ; 17                          ;
;         3 data inputs ; 14                          ;
;         4 data inputs ; 67                          ;
;         5 data inputs ; 2                           ;
;         6 data inputs ; 12                          ;
; boundary_port         ; 54                          ;
; stratixv_ram_block    ; 16                          ;
;                       ;                             ;
; Max LUT depth         ; 4.00                        ;
; Average LUT depth     ; 2.35                        ;
+-----------------------+-----------------------------+


+-------------------------------+
; Elapsed Time Per Partition    ;
+----------------+--------------+
; Partition Name ; Elapsed Time ;
+----------------+--------------+
; Top            ; 00:00:00     ;
+----------------+--------------+


+-------------------------------+
; Analysis & Synthesis Messages ;
+-------------------------------+
Info: *******************************************************************
Info: Running Quartus II 64-Bit Analysis & Synthesis
    Info: Version 14.1.0 Build 186 12/03/2014 SJ Web Edition
    Info: Processing started: Mon Oct 22 19:47:39 2018
Info: Command: quartus_map --read_settings_files=on --write_settings_files=off PROJETO_1 -c PROJETO_1
Info (11104): Parallel Compilation has detected 8 hyper-threaded processors. However, the extra hyper-threaded processors will not be used by default. Parallel Compilation will use 4 of the 4 physical processors detected instead.
Info (12021): Found 1 design units, including 1 entities, in source file ula.bdf
    Info (12023): Found entity 1: ula
Info (12021): Found 1 design units, including 1 entities, in source file contador_jump.bdf
    Info (12023): Found entity 1: contador_jump
Info (12021): Found 1 design units, including 1 entities, in source file register.bdf
    Info (12023): Found entity 1: register
Info (12021): Found 2 design units, including 1 entities, in source file rom.vhd
    Info (12022): Found design unit 1: rom-SYN
    Info (12023): Found entity 1: rom
Info (12021): Found 1 design units, including 1 entities, in source file uc.bdf
    Info (12023): Found entity 1: uc
Info (12021): Found 1 design units, including 1 entities, in source file cpu.bdf
    Info (12023): Found entity 1: CPU
Info (12021): Found 1 design units, including 1 entities, in source file escolhe.bdf
    Info (12023): Found entity 1: escolhe
Info (12021): Found 1 design units, including 1 entities, in source file escolhe_reg.bdf
    Info (12023): Found entity 1: ESCOLHE_REG
Info (12127): Elaborating entity "CPU" for the top level hierarchy
Info (12128): Elaborating entity "contador_jump" for hierarchy "contador_jump:inst"
Info (12128): Elaborating entity "uc" for hierarchy "uc:inst20"
Info (12128): Elaborating entity "MUX" for hierarchy "uc:inst20|MUX:inst3"
Info (12130): Elaborated megafunction instantiation "uc:inst20|MUX:inst3"
Info (12133): Instantiated megafunction "uc:inst20|MUX:inst3" with the following parameter:
    Info (12134): Parameter "WIDTH" = "4"
    Info (12134): Parameter "WIDTHS" = "2"
Info (12128): Elaborating entity "lpm_mux" for hierarchy "uc:inst20|MUX:inst3|lpm_mux:$00001"
Info (12131): Elaborated megafunction instantiation "uc:inst20|MUX:inst3|lpm_mux:$00001", which is child of megafunction instantiation "uc:inst20|MUX:inst3"
Info (12021): Found 1 design units, including 1 entities, in source file db/mux_sjc.tdf
    Info (12023): Found entity 1: mux_sjc
Info (12128): Elaborating entity "mux_sjc" for hierarchy "uc:inst20|MUX:inst3|lpm_mux:$00001|mux_sjc:auto_generated"
Info (12128): Elaborating entity "MUX" for hierarchy "uc:inst20|MUX:inst4"
Info (12130): Elaborated megafunction instantiation "uc:inst20|MUX:inst4"
Info (12133): Instantiated megafunction "uc:inst20|MUX:inst4" with the following parameter:
    Info (12134): Parameter "WIDTH" = "4"
    Info (12134): Parameter "WIDTHS" = "2"
Info (12128): Elaborating entity "MUX" for hierarchy "uc:inst20|MUX:inst5"
Info (12130): Elaborated megafunction instantiation "uc:inst20|MUX:inst5"
Info (12133): Instantiated megafunction "uc:inst20|MUX:inst5" with the following parameter:
    Info (12134): Parameter "WIDTH" = "4"
    Info (12134): Parameter "WIDTHS" = "2"
Info (12128): Elaborating entity "MUX" for hierarchy "uc:inst20|MUX:inst31"
Info (12130): Elaborated megafunction instantiation "uc:inst20|MUX:inst31"
Info (12133): Instantiated megafunction "uc:inst20|MUX:inst31" with the following parameter:
    Info (12134): Parameter "WIDTH" = "2"
    Info (12134): Parameter "WIDTHS" = "1"
Info (12128): Elaborating entity "lpm_mux" for hierarchy "uc:inst20|MUX:inst31|lpm_mux:$00001"
Info (12131): Elaborated megafunction instantiation "uc:inst20|MUX:inst31|lpm_mux:$00001", which is child of megafunction instantiation "uc:inst20|MUX:inst31"
Info (12021): Found 1 design units, including 1 entities, in source file db/mux_pjc.tdf
    Info (12023): Found entity 1: mux_pjc
Info (12128): Elaborating entity "mux_pjc" for hierarchy "uc:inst20|MUX:inst31|lpm_mux:$00001|mux_pjc:auto_generated"
Info (12128): Elaborating entity "ESCOLHE_REG" for hierarchy "uc:inst20|ESCOLHE_REG:inst"
Info (12128): Elaborating entity "MUX" for hierarchy "uc:inst20|MUX:inst30"
Info (12130): Elaborated megafunction instantiation "uc:inst20|MUX:inst30"
Info (12133): Instantiated megafunction "uc:inst20|MUX:inst30" with the following parameter:
    Info (12134): Parameter "WIDTH" = "2"
    Info (12134): Parameter "WIDTHS" = "1"
Info (12128): Elaborating entity "MUX" for hierarchy "uc:inst20|MUX:inst26"
Info (12130): Elaborated megafunction instantiation "uc:inst20|MUX:inst26"
Info (12133): Instantiated megafunction "uc:inst20|MUX:inst26" with the following parameter:
    Info (12134): Parameter "WIDTH" = "2"
    Info (12134): Parameter "WIDTHS" = "1"
Info (12128): Elaborating entity "rom" for hierarchy "rom:inst1"
Info (12128): Elaborating entity "altsyncram" for hierarchy "rom:inst1|altsyncram:altsyncram_component"
Info (12130): Elaborated megafunction instantiation "rom:inst1|altsyncram:altsyncram_component"
Info (12133): Instantiated megafunction "rom:inst1|altsyncram:altsyncram_component" with the following parameter:
    Info (12134): Parameter "address_aclr_a" = "NONE"
    Info (12134): Parameter "address_aclr_b" = "NONE"
    Info (12134): Parameter "address_reg_b" = "CLOCK1"
    Info (12134): Parameter "byte_size" = "8"
    Info (12134): Parameter "byteena_aclr_a" = "UNUSED"
    Info (12134): Parameter "byteena_aclr_b" = "NONE"
    Info (12134): Parameter "byteena_reg_b" = "CLOCK1"
    Info (12134): Parameter "clock_enable_core_a" = "USE_INPUT_CLKEN"
    Info (12134): Parameter "clock_enable_core_b" = "USE_INPUT_CLKEN"
    Info (12134): Parameter "clock_enable_input_a" = "BYPASS"
    Info (12134): Parameter "clock_enable_input_b" = "NORMAL"
    Info (12134): Parameter "clock_enable_output_a" = "BYPASS"
    Info (12134): Parameter "clock_enable_output_b" = "NORMAL"
    Info (12134): Parameter "intended_device_family" = "Cyclone V"
    Info (12134): Parameter "ecc_pipeline_stage_enabled" = "FALSE"
    Info (12134): Parameter "enable_ecc" = "FALSE"
    Info (12134): Parameter "implement_in_les" = "OFF"
    Info (12134): Parameter "indata_aclr_a" = "UNUSED"
    Info (12134): Parameter "indata_aclr_b" = "NONE"
    Info (12134): Parameter "indata_reg_b" = "CLOCK1"
    Info (12134): Parameter "init_file" = "../data.mif"
    Info (12134): Parameter "init_file_layout" = "PORT_A"
    Info (12134): Parameter "maximum_depth" = "0"
    Info (12134): Parameter "numwords_a" = "256"
    Info (12134): Parameter "numwords_b" = "0"
    Info (12134): Parameter "operation_mode" = "ROM"
    Info (12134): Parameter "outdata_aclr_a" = "NONE"
    Info (12134): Parameter "outdata_aclr_b" = "NONE"
    Info (12134): Parameter "outdata_reg_a" = "UNREGISTERED"
    Info (12134): Parameter "outdata_reg_b" = "UNREGISTERED"
    Info (12134): Parameter "power_up_uninitialized" = "FALSE"
    Info (12134): Parameter "ram_block_type" = "AUTO"
    Info (12134): Parameter "rdcontrol_aclr_b" = "NONE"
    Info (12134): Parameter "rdcontrol_reg_b" = "CLOCK1"
    Info (12134): Parameter "read_during_write_mode_mixed_ports" = "DONT_CARE"
    Info (12134): Parameter "read_during_write_mode_port_a" = "NEW_DATA_NO_NBE_READ"
    Info (12134): Parameter "read_during_write_mode_port_b" = "NEW_DATA_NO_NBE_READ"
    Info (12134): Parameter "stratixiv_m144k_allow_dual_clocks" = "ON"
    Info (12134): Parameter "width_a" = "16"
    Info (12134): Parameter "width_b" = "1"
    Info (12134): Parameter "width_byteena_a" = "1"
    Info (12134): Parameter "width_byteena_b" = "1"
    Info (12134): Parameter "width_eccstatus" = "3"
    Info (12134): Parameter "widthad_a" = "8"
    Info (12134): Parameter "widthad_b" = "1"
    Info (12134): Parameter "wrcontrol_aclr_a" = "UNUSED"
    Info (12134): Parameter "wrcontrol_aclr_b" = "NONE"
    Info (12134): Parameter "wrcontrol_wraddress_reg_b" = "CLOCK1"
    Info (12134): Parameter "lpm_hint" = "ENABLE_RUNTIME_MOD=NO"
    Info (12134): Parameter "lpm_type" = "altsyncram"
Info (12021): Found 1 design units, including 1 entities, in source file db/altsyncram_c224.tdf
    Info (12023): Found entity 1: altsyncram_c224
Info (12128): Elaborating entity "altsyncram_c224" for hierarchy "rom:inst1|altsyncram:altsyncram_component|altsyncram_c224:auto_generated"
Warning (12125): Using design file debouncer.v, which is not specified as a design file for the current project, but contains definitions for 1 design units and 1 entities in project
    Info (12023): Found entity 1: debouncer
Info (12128): Elaborating entity "debouncer" for hierarchy "debouncer:inst5"
Warning (10230): Verilog HDL assignment warning at debouncer.v(71): truncated value with size 32 to match size of target (16)
Info (12128): Elaborating entity "register" for hierarchy "register:inst4"
Info (12128): Elaborating entity "ula" for hierarchy "ula:inst2"
Info (12128): Elaborating entity "MUX" for hierarchy "ula:inst2|MUX:inst1"
Info (12130): Elaborated megafunction instantiation "ula:inst2|MUX:inst1"
Info (12133): Instantiated megafunction "ula:inst2|MUX:inst1" with the following parameter:
    Info (12134): Parameter "WIDTH" = "4"
    Info (12134): Parameter "WIDTHS" = "2"
Warning (12125): Using design file shift_r.bdf, which is not specified as a design file for the current project, but contains definitions for 1 design units and 1 entities in project
    Info (12023): Found entity 1: shift_r
Info (12128): Elaborating entity "shift_r" for hierarchy "ula:inst2|shift_r:inst15"
Warning (12125): Using design file sub.bdf, which is not specified as a design file for the current project, but contains definitions for 1 design units and 1 entities in project
    Info (12023): Found entity 1: sub
Info (12128): Elaborating entity "sub" for hierarchy "ula:inst2|sub:inst17"
Warning (12125): Using design file fullsubtractor.bdf, which is not specified as a design file for the current project, but contains definitions for 1 design units and 1 entities in project
    Info (12023): Found entity 1: FULLSUBTRACTOR
Info (12128): Elaborating entity "FULLSUBTRACTOR" for hierarchy "ula:inst2|sub:inst17|FULLSUBTRACTOR:inst"
Warning (12125): Using design file shift_l.bdf, which is not specified as a design file for the current project, but contains definitions for 1 design units and 1 entities in project
    Info (12023): Found entity 1: shift_l
Info (12128): Elaborating entity "shift_l" for hierarchy "ula:inst2|shift_l:inst14"
Warning (12125): Using design file adder_c2.bdf, which is not specified as a design file for the current project, but contains definitions for 1 design units and 1 entities in project
    Info (12023): Found entity 1: adder_c2
Info (12128): Elaborating entity "adder_c2" for hierarchy "ula:inst2|adder_c2:inst9"
Warning (12125): Using design file ha.bdf, which is not specified as a design file for the current project, but contains definitions for 1 design units and 1 entities in project
    Info (12023): Found entity 1: ha
Info (12128): Elaborating entity "ha" for hierarchy "ula:inst2|adder_c2:inst9|ha:inst2"
Warning (12125): Using design file fa.bdf, which is not specified as a design file for the current project, but contains definitions for 1 design units and 1 entities in project
    Info (12023): Found entity 1: fa
Info (12128): Elaborating entity "fa" for hierarchy "ula:inst2|adder_c2:inst9|fa:inst3"
Warning (12125): Using design file hexadecimal.bdf, which is not specified as a design file for the current project, but contains definitions for 1 design units and 1 entities in project
    Info (12023): Found entity 1: hexadecimal
Info (12128): Elaborating entity "hexadecimal" for hierarchy "hexadecimal:inst31"
Warning (275011): Block or symbol "NOT" of instance "inst57" overlaps another block or symbol
Warning (13004): Presettable and clearable registers converted to equivalent circuits with latches. Registers power-up to an undefined state, and DEVCLRn places the registers in an undefined state.
    Warning (13310): Register "contador_jump:inst|inst41" is converted into an equivalent circuit using register "contador_jump:inst|inst41~_emulated" and latch "contador_jump:inst|inst41~1"
    Warning (13310): Register "contador_jump:inst|inst42" is converted into an equivalent circuit using register "contador_jump:inst|inst42~_emulated" and latch "contador_jump:inst|inst42~1"
    Warning (13310): Register "contador_jump:inst|inst43" is converted into an equivalent circuit using register "contador_jump:inst|inst43~_emulated" and latch "contador_jump:inst|inst43~1"
    Warning (13310): Register "contador_jump:inst|inst44" is converted into an equivalent circuit using register "contador_jump:inst|inst44~_emulated" and latch "contador_jump:inst|inst44~1"
    Warning (13310): Register "debouncer:inst5|outb" is converted into an equivalent circuit using register "debouncer:inst5|outb~_emulated" and latch "debouncer:inst5|outb~1"
    Warning (13310): Register "debouncer:inst27|outb" is converted into an equivalent circuit using register "debouncer:inst27|outb~_emulated" and latch "debouncer:inst27|outb~1"
    Warning (13310): Register "debouncer:inst5|intermediate" is converted into an equivalent circuit using register "debouncer:inst5|intermediate~_emulated" and latch "debouncer:inst5|outb~1"
    Warning (13310): Register "debouncer:inst27|intermediate" is converted into an equivalent circuit using register "debouncer:inst27|intermediate~_emulated" and latch "debouncer:inst27|outb~1"
Info (286030): Timing-Driven Synthesis is running
Info (16010): Generating hard_block partition "hard_block:auto_generated_inst"
    Info (16011): Adding 0 node(s), including 0 DDIO, 0 PLL, 0 transceiver and 0 LCELL
Info (21057): Implemented 218 device resources after synthesis - the final resource count might be different
    Info (21058): Implemented 4 input pins
    Info (21059): Implemented 50 output pins
    Info (21061): Implemented 148 logic cells
    Info (21064): Implemented 16 RAM segments
Info: Quartus II 64-Bit Analysis & Synthesis was successful. 0 errors, 20 warnings
    Info: Peak virtual memory: 4886 megabytes
    Info: Processing ended: Mon Oct 22 19:47:51 2018
    Info: Elapsed time: 00:00:12
    Info: Total CPU time (on all processors): 00:00:25


